[2016-11-27 17:07:20.169] [WARN] normal - GET /css/dialog-378c12ef67.css
[2016-11-27 17:07:20.169] [WARN] normal - GET /css/alert-7af2a09ba9.css
[2016-11-27 17:07:20.198] [WARN] normal - GET /images/close-5e121349ae.png
[2016-11-27 17:07:20.201] [WARN] normal - GET /images/logo-e023d8e80a.png
[2016-11-27 17:07:20.201] [WARN] normal - GET /images/share/arrows-6a3ad81c8e.png
[2016-11-27 17:07:20.202] [WARN] normal - GET /images/share/Safari_icon-239975d279.png
[2016-11-27 17:07:20.202] [WARN] normal - GET /images/share/explorer_icon-59734bc5a2.png
[2016-11-27 17:07:20.207] [WARN] normal - GET /js/all_common-37ecff3aff.js
[2016-11-27 17:07:20.208] [INFO] normal - GET /images/playing/playing-965c37540c.gif
[2016-11-27 17:07:20.230] [WARN] normal - GET /iconfont/iconfont.woff
[2016-11-27 17:07:20.296] [INFO] normal - GET /js/bookstore/detail-cc751cddbc.js
[2016-11-27 17:07:20.380] [INFO] normal - GET /ajax/category
[2016-11-27 17:07:20.432] [WARN] normal - GET /images/close-5e121349ae.png
[2016-11-27 17:07:20.433] [WARN] normal - GET /images/share/arrows-6a3ad81c8e.png
[2016-11-27 17:07:21.883] [INFO] normal - GET /player/album/24967?sonId=373289
[2016-11-27 17:07:21.902] [WARN] normal - GET /css/all_common-bcada22aa0.css?v=3.0
[2016-11-27 17:07:21.903] [WARN] normal - GET /css/personal-737ab75bb1.css
[2016-11-27 17:07:21.903] [WARN] normal - GET /css/dialog-378c12ef67.css
[2016-11-27 17:07:21.905] [WARN] normal - GET /css/alert-7af2a09ba9.css
[2016-11-27 17:07:21.928] [WARN] normal - GET /images/close-5e121349ae.png
[2016-11-27 17:07:21.929] [WARN] normal - GET /images/logo-e023d8e80a.png
[2016-11-27 17:07:21.929] [WARN] normal - GET /images/share/arrows-6a3ad81c8e.png
[2016-11-27 17:07:21.930] [WARN] normal - GET /images/share/Safari_icon-239975d279.png
[2016-11-27 17:07:21.931] [WARN] normal - GET /images/share/explorer_icon-59734bc5a2.png
[2016-11-27 17:07:21.934] [WARN] normal - GET /js/all_common-37ecff3aff.js
[2016-11-27 17:07:21.962] [WARN] normal - GET /iconfont/iconfont.woff
[2016-11-27 17:07:21.963] [INFO] normal - GET /images/cd-84d0a42ed3.png
[2016-11-27 17:07:22.032] [INFO] normal - GET /js/sns/audioDetail-d67ea67be6.js
[2016-11-27 17:07:22.112] [INFO] normal - GET /ajax/category
[2016-11-27 17:09:33.408] [INFO] normal - GET /player/album/24967?sonId=373289
[2016-11-27 17:09:33.423] [WARN] normal - GET /css/all_common-bcada22aa0.css?v=3.0
[2016-11-27 17:09:33.424] [WARN] normal - GET /css/personal-737ab75bb1.css
[2016-11-27 17:09:33.426] [WARN] normal - GET /css/dialog-378c12ef67.css
[2016-11-27 17:09:33.427] [WARN] normal - GET /css/alert-7af2a09ba9.css
[2016-11-27 17:09:33.460] [WARN] normal - GET /images/close-5e121349ae.png
[2016-11-27 17:09:33.461] [WARN] normal - GET /images/logo-e023d8e80a.png
[2016-11-27 17:09:33.461] [WARN] normal - GET /images/share/arrows-6a3ad81c8e.png
[2016-11-27 17:09:33.463] [WARN] normal - GET /images/share/Safari_icon-239975d279.png
[2016-11-27 17:09:33.463] [WARN] normal - GET /images/share/explorer_icon-59734bc5a2.png
[2016-11-27 17:09:33.477] [WARN] normal - GET /js/all_common-37ecff3aff.js
[2016-11-27 17:09:33.523] [WARN] normal - GET /iconfont/iconfont.woff
[2016-11-27 17:09:33.524] [WARN] normal - GET /images/cd-84d0a42ed3.png
[2016-11-27 17:09:33.570] [WARN] normal - GET /js/sns/audioDetail-d67ea67be6.js
[2016-11-27 17:09:33.653] [INFO] normal - GET /ajax/category
[2016-11-27 17:20:24.556] [INFO] normal - GET /user/178352139?&
[2016-11-27 17:20:24.581] [INFO] normal - GET /css/all_common-bcada22aa0.css?v=3.0
[2016-11-27 17:20:24.582] [INFO] normal - GET /css/personal-737ab75bb1.css
[2016-11-27 17:20:24.582] [INFO] normal - GET /css/dialog-378c12ef67.css
[2016-11-27 17:20:24.582] [INFO] normal - GET /css/alert-7af2a09ba9.css
[2016-11-27 17:20:24.592] [INFO] normal - GET /images/close-5e121349ae.png
[2016-11-27 17:20:24.592] [INFO] normal - GET /images/logo-e023d8e80a.png
[2016-11-27 17:20:24.592] [INFO] normal - GET /images/share/arrows-6a3ad81c8e.png
[2016-11-27 17:20:24.592] [INFO] normal - GET /images/share/Safari_icon-239975d279.png
[2016-11-27 17:20:24.593] [INFO] normal - GET /images/share/explorer_icon-59734bc5a2.png
[2016-11-27 17:20:24.604] [INFO] normal - GET /js/all_common-37ecff3aff.js
[2016-11-27 17:20:24.726] [INFO] normal - GET /js/bookstore/detail-cc751cddbc.js
[2016-11-27 17:20:24.732] [INFO] normal - GET /iconfont/iconfont.woff
[2016-11-27 17:20:24.736] [INFO] normal - GET /images/user_bg-28d4cb2914.png
[2016-11-27 17:20:24.881] [WARN] normal - GET /images/user_bg-28d4cb2914.png
[2016-11-27 17:20:29.130] [INFO] normal - GET /album/32809?title=%E5%BE%90%E8%96%87%E9%9F%B3%E4%B9%90%E9%9B%86&pageNum=1&&
[2016-11-27 17:20:29.139] [WARN] normal - GET /css/all_common-bcada22aa0.css?v=3.0
[2016-11-27 17:20:29.140] [WARN] normal - GET /css/personal-737ab75bb1.css
[2016-11-27 17:20:29.144] [WARN] normal - GET /css/dialog-378c12ef67.css
[2016-11-27 17:20:29.145] [WARN] normal - GET /css/alert-7af2a09ba9.css
[2016-11-27 17:20:29.147] [WARN] normal - GET /images/close-5e121349ae.png
[2016-11-27 17:20:29.148] [WARN] normal - GET /images/logo-e023d8e80a.png
[2016-11-27 17:20:29.148] [WARN] normal - GET /images/share/arrows-6a3ad81c8e.png
[2016-11-27 17:20:29.150] [WARN] normal - GET /images/share/Safari_icon-239975d279.png
[2016-11-27 17:20:29.151] [WARN] normal - GET /images/share/explorer_icon-59734bc5a2.png
[2016-11-27 17:20:29.178] [INFO] normal - GET /images/playing/playing-965c37540c.gif
[2016-11-27 17:20:29.184] [WARN] normal - GET /js/all_common-37ecff3aff.js
[2016-11-27 17:20:29.211] [WARN] normal - GET /iconfont/iconfont.woff
[2016-11-27 17:20:29.268] [WARN] normal - GET /js/bookstore/detail-cc751cddbc.js
